TN:
SF:src/Claimer.sol
FN:26,Claimer.claimPrizes
FNDA:4,Claimer.claimPrizes
DA:33,4
BRDA:33,0,0,1
BRDA:33,0,1,3
DA:34,3
BRDA:34,1,0,1
BRDA:34,1,1,2
DA:35,2
DA:36,2
BRDA:36,2,0,1
BRDA:36,2,1,1
DA:38,1
DA:39,1
DA:41,1
DA:42,2
BRDA:42,3,0,2
BRDA:42,3,1,2
DA:43,2
DA:47,1
FN:50,Claimer.estimateFees
FNDA:5,Claimer.estimateFees
DA:51,5
FN:54,Claimer._estimateFees
FNDA:7,Claimer._estimateFees
DA:55,7
DA:56,7
DA:57,7
DA:59,7
DA:60,7
DA:61,8
DA:64,7
FNF:3
FNH:3
LF:18
LH:18
BRF:8
BRH:8
end_of_record
TN:
SF:src/lib/LinearVRGDALib.sol
FN:14,LinearVRGDALib.getDecayConstant
FNDA:0,LinearVRGDALib.getDecayConstant
DA:15,0
FN:18,LinearVRGDALib.getPerTimeUnit
FNDA:7,LinearVRGDALib.getPerTimeUnit
DA:19,7
FN:26,LinearVRGDALib.getVRGDAPrice
FNDA:8,LinearVRGDALib.getVRGDAPrice
DA:27,8
DA:30,8
FNF:3
FNH:2
LF:4
LH:3
BRF:0
BRH:0
end_of_record
TN:
SF:test/stub/PrizePoolStub.sol
FN:8,PrizePoolStub.estimateClaimCount
FNDA:0,PrizePoolStub.estimateClaimCount
DA:9,0
FN:11,PrizePoolStub.drawPeriodSeconds
FNDA:0,PrizePoolStub.drawPeriodSeconds
DA:12,0
FN:14,PrizePoolStub.drawStartedAt
FNDA:0,PrizePoolStub.drawStartedAt
DA:15,0
FN:17,PrizePoolStub.claimCount
FNDA:0,PrizePoolStub.claimCount
DA:18,0
FNF:4
FNH:0
LF:4
LH:0
BRF:0
BRH:0
end_of_record
TN:
SF:test/stub/VaultStub.sol
FN:8,VaultStub.claimPrize
FNDA:0,VaultStub.claimPrize
DA:15,0
FNF:1
FNH:0
LF:1
LH:0
BRF:0
BRH:0
end_of_record
